Apr 21, 2014 11:51:51 AM org.apache.catalina.core.AprLifecycleListener init
INFO: The APR based Apache Tomcat Native library which allows optimal performance in production environments was not found on the java.library.path: /Users/skulasekar/Library/Java/Extensions:/Library/Java/Extensions:/Network/Library/Java/Extensions:/System/Library/Java/Extensions:/usr/lib/java:.
Apr 21, 2014 11:51:52 AM org.apache.coyote.AbstractProtocol init
INFO: Initializing ProtocolHandler ["http-bio-8080"]
Apr 21, 2014 11:51:52 AM org.apache.coyote.AbstractProtocol init
INFO: Initializing ProtocolHandler ["ajp-bio-8009"]
Apr 21, 2014 11:51:52 AM org.apache.catalina.startup.Catalina load
INFO: Initialization processed in 552 ms
Apr 21, 2014 11:51:52 AM org.apache.catalina.core.StandardService startInternal
INFO: Starting service Catalina
Apr 21, 2014 11:51:52 AM org.apache.catalina.core.StandardEngine startInternal
INFO: Starting Servlet Engine: Apache Tomcat/7.0.53
Apr 21, 2014 11:51:52 AM org.apache.catalina.startup.HostConfig deployWAR
INFO: Deploying web application archive /Users/skulasekar/development/apache-tomcat-7.0.53/webapps/cable-api.war
Apr 21, 2014 11:51:52 AM org.apache.catalina.loader.WebappClassLoader validateJarFile
INFO: validateJarFile(/Users/skulasekar/development/apache-tomcat-7.0.53/webapps/cable-api/WEB-INF/lib/geronimo-servlet_3.0_spec-1.0.jar) - jar not loaded. See Servlet Spec 3.0, section 10.7.2. Offending class: javax/servlet/Servlet.class
Apr 21, 2014 11:51:52 AM org.apache.catalina.loader.WebappClassLoader validateJarFile
INFO: validateJarFile(/Users/skulasekar/development/apache-tomcat-7.0.53/webapps/cable-api/WEB-INF/lib/servlet-api-6.0.37.jar) - jar not loaded. See Servlet Spec 3.0, section 10.7.2. Offending class: javax/servlet/Servlet.class
Apr 21, 2014 11:51:55 AM org.springframework.web.context.ContextLoader initWebApplicationContext
INFO: Root WebApplicationContext: initialization started
Apr 21, 2014 11:51:55 AM org.springframework.context.support.AbstractApplicationContext prepareRefresh
INFO: Refreshing Root WebApplicationContext: startup date [Mon Apr 21 11:51:55 EDT 2014]; root of context hierarchy
Apr 21, 2014 11:51:55 AM org.springframework.beans.factory.xml.XmlBeanDefinitionReader loadBeanDefinitions
INFO: Loading XML bean definitions from ServletContext resource [/WEB-INF/beans.xml]
Apr 21, 2014 11:51:55 AM org.springframework.beans.factory.xml.XmlBeanDefinitionReader loadBeanDefinitions
INFO: Loading XML bean definitions from class path resource [META-INF/cxf/cxf.xml]
Apr 21, 2014 11:51:55 AM org.springframework.beans.factory.xml.XmlBeanDefinitionReader loadBeanDefinitions
INFO: Loading XML bean definitions from class path resource [META-INF/cxf/cxf-servlet.xml]
Apr 21, 2014 11:51:55 AM org.springframework.beans.factory.support.DefaultListableBeanFactory preInstantiateSingletons
INFO: Pre-instantiating singletons in org.springframework.beans.factory.support.DefaultListableBeanFactory@1ef3215: defining beans [cxf,org.apache.cxf.bus.spring.BusWiringBeanFactoryPostProcessor,org.apache.cxf.bus.spring.Jsr250BeanPostProcessor,org.apache.cxf.bus.spring.BusExtensionPostProcessor,org.springframework.beans.factory.annotation.AutowiredAnnotationBeanPostProcessor#0,exceptionMapper,customerAccountService,preferenceService,telephoneNumberService,emailContactService,faxNumberService,postalContactService,systemContactService,customerService,userService,individualService,organizationService,paymentPlanService,contactService,customerBillSpecService,productService,productSpecificationService,prodPriceChargeService,fundsTransferService,paymentCardService,tokenizedPaymentCardService,tokenizedThirdPartyService,propertyAddressService,bundledProductOfferingService,customerfacingService,americanPropertyAddressService,serviceSiteService,customerBillService,documentService,messageResponse,restResponse,cors-filter,jsonNamespaceMap,jsonProvider,jaxbElementProvider,APIServer]; root of factory hierarchy
Apr 21, 2014 11:51:55 AM org.apache.cxf.common.injection.ResourceInjector visitField
INFO: failed to resolve resource com.cablelabs.cableapi.facades.CustomerAccountImpl/jaxwsContext
Apr 21, 2014 11:51:55 AM org.apache.cxf.common.injection.ResourceInjector visitField
INFO: failed to resolve resource com.cablelabs.cableapi.facades.PreferenceImpl/jaxwsContext
Apr 21, 2014 11:51:55 AM org.apache.cxf.common.injection.ResourceInjector visitField
INFO: failed to resolve resource com.cablelabs.cableapi.facades.TelephoneNumberImpl/jaxwsContext
Apr 21, 2014 11:51:55 AM org.apache.cxf.common.injection.ResourceInjector visitField
INFO: failed to resolve resource com.cablelabs.cableapi.facades.EmailContactImpl/jaxwsContext
Apr 21, 2014 11:51:55 AM org.apache.cxf.common.injection.ResourceInjector visitField
INFO: failed to resolve resource com.cablelabs.cableapi.facades.FaxNumberImpl/jaxwsContext
Apr 21, 2014 11:51:55 AM org.apache.cxf.common.injection.ResourceInjector visitField
INFO: failed to resolve resource com.cablelabs.cableapi.facades.PostalContactImpl/jaxwsContext
Apr 21, 2014 11:51:56 AM org.apache.cxf.common.injection.ResourceInjector visitField
INFO: failed to resolve resource com.cablelabs.cableapi.facades.SystemContactImpl/jaxwsContext
Apr 21, 2014 11:51:56 AM org.apache.cxf.common.injection.ResourceInjector visitField
INFO: failed to resolve resource com.cablelabs.cableapi.facades.CustomerImpl/jaxwsContext
Apr 21, 2014 11:51:56 AM org.apache.cxf.common.injection.ResourceInjector visitField
INFO: failed to resolve resource com.cablelabs.cableapi.facades.UserImpl/jaxwsContext
Apr 21, 2014 11:51:56 AM org.apache.cxf.common.injection.ResourceInjector visitField
INFO: failed to resolve resource com.cablelabs.cableapi.facades.IndividualImpl/jaxwsContext
Apr 21, 2014 11:51:56 AM org.apache.cxf.common.injection.ResourceInjector visitField
INFO: failed to resolve resource com.cablelabs.cableapi.facades.OrganizationImpl/jaxwsContext
Apr 21, 2014 11:51:56 AM org.apache.cxf.common.injection.ResourceInjector visitField
INFO: failed to resolve resource com.cablelabs.cableapi.facades.PaymentPlanImpl/jaxwsContext
Apr 21, 2014 11:51:56 AM org.apache.cxf.common.injection.ResourceInjector visitField
INFO: failed to resolve resource com.cablelabs.cableapi.facades.ContactImpl/jaxwsContext
Apr 21, 2014 11:51:56 AM org.apache.cxf.common.injection.ResourceInjector visitField
INFO: failed to resolve resource com.cablelabs.cableapi.facades.CustomerBillSpecImpl/jaxwsContext
Apr 21, 2014 11:51:56 AM org.apache.cxf.common.injection.ResourceInjector visitField
INFO: failed to resolve resource com.cablelabs.cableapi.facades.ProductImpl/jaxwsContext
Apr 21, 2014 11:51:56 AM org.apache.cxf.common.injection.ResourceInjector visitField
INFO: failed to resolve resource com.cablelabs.cableapi.facades.ProductSpecificationImpl/jaxwsContext
Apr 21, 2014 11:51:56 AM org.apache.cxf.common.injection.ResourceInjector visitField
INFO: failed to resolve resource com.cablelabs.cableapi.facades.ProdPriceChargeImpl/jaxwsContext
Apr 21, 2014 11:51:56 AM org.apache.cxf.common.injection.ResourceInjector visitField
INFO: failed to resolve resource com.cablelabs.cableapi.facades.FundsTransferImpl/jaxwsContext
Apr 21, 2014 11:51:56 AM org.apache.cxf.common.injection.ResourceInjector visitField
INFO: failed to resolve resource com.cablelabs.cableapi.facades.PaymentCardImpl/jaxwsContext
Apr 21, 2014 11:51:56 AM org.apache.cxf.common.injection.ResourceInjector visitField
INFO: failed to resolve resource com.cablelabs.cableapi.facades.TokenizedPaymentCardImpl/jaxwsContext
Apr 21, 2014 11:51:56 AM org.apache.cxf.common.injection.ResourceInjector visitField
INFO: failed to resolve resource com.cablelabs.cableapi.facades.TokenizedThirdPartyImpl/jaxwsContext
Apr 21, 2014 11:51:56 AM org.apache.cxf.common.injection.ResourceInjector visitField
INFO: failed to resolve resource com.cablelabs.cableapi.facades.PropertyAddressImpl/jaxwsContext
Apr 21, 2014 11:51:56 AM org.apache.cxf.common.injection.ResourceInjector visitField
INFO: failed to resolve resource com.cablelabs.cableapi.facades.BundledProductOfferingImpl/jaxwsContext
Apr 21, 2014 11:51:56 AM org.apache.cxf.common.injection.ResourceInjector visitField
INFO: failed to resolve resource com.cablelabs.cableapi.facades.CustomerFacingImpl/jaxwsContext
Apr 21, 2014 11:51:56 AM org.apache.cxf.common.injection.ResourceInjector visitField
INFO: failed to resolve resource com.cablelabs.cableapi.facades.AmericanPropertyAddressImpl/jaxwsContext
Apr 21, 2014 11:51:56 AM org.apache.cxf.common.injection.ResourceInjector visitField
INFO: failed to resolve resource com.cablelabs.cableapi.facades.ServiceSiteImpl/jaxwsContext
Apr 21, 2014 11:51:56 AM org.apache.cxf.common.injection.ResourceInjector visitField
INFO: failed to resolve resource com.cablelabs.cableapi.facades.CustomerBillFacadeImpl/jaxwsContext
Apr 21, 2014 11:51:56 AM org.apache.cxf.common.injection.ResourceInjector visitField
INFO: failed to resolve resource com.cablelabs.cableapi.facades.DocumentFacadeImpl/jaxwsContext
Apr 21, 2014 11:51:56 AM org.apache.cxf.endpoint.ServerImpl initDestination
INFO: Setting the server's publish address to be /
Apr 21, 2014 11:51:56 AM org.springframework.web.context.ContextLoader initWebApplicationContext
INFO: Root WebApplicationContext: initialization completed in 1340 ms
Apr 21, 2014 11:51:56 AM org.apache.catalina.startup.HostConfig deployDirectory
INFO: Deploying web application directory /Users/skulasekar/development/apache-tomcat-7.0.53/webapps/docs
Apr 21, 2014 11:51:56 AM org.apache.catalina.startup.HostConfig deployDirectory
INFO: Deploying web application directory /Users/skulasekar/development/apache-tomcat-7.0.53/webapps/examples
Apr 21, 2014 11:51:56 AM org.apache.catalina.startup.HostConfig deployDirectory
INFO: Deploying web application directory /Users/skulasekar/development/apache-tomcat-7.0.53/webapps/host-manager
Apr 21, 2014 11:51:56 AM org.apache.catalina.startup.HostConfig deployDirectory
INFO: Deploying web application directory /Users/skulasekar/development/apache-tomcat-7.0.53/webapps/manager
Apr 21, 2014 11:51:57 AM org.apache.catalina.startup.HostConfig deployDirectory
INFO: Deploying web application directory /Users/skulasekar/development/apache-tomcat-7.0.53/webapps/ROOT
Apr 21, 2014 11:51:57 AM org.apache.coyote.AbstractProtocol start
INFO: Starting ProtocolHandler ["http-bio-8080"]
Apr 21, 2014 11:51:57 AM org.apache.coyote.AbstractProtocol start
INFO: Starting ProtocolHandler ["ajp-bio-8009"]
Apr 21, 2014 11:51:57 AM org.apache.catalina.startup.Catalina start
INFO: Server startup in 4831 ms
Apr 21, 2014 11:52:18 AM org.apache.cxf.jaxrs.interceptor.JAXRSInInterceptor processRequest
WARNING: No root resource matching request path /cable-api/device/1 has been found, Relative Path: /device/1. Please enable FINE/TRACE log level for more details.
Apr 21, 2014 11:52:18 AM com.cablelabs.wasapi.exceptions.ScExceptionMapper toResponse
SEVERE: Uncaught exception
javax.ws.rs.NotFoundException
	at org.apache.cxf.jaxrs.interceptor.JAXRSInInterceptor.processRequest(JAXRSInInterceptor.java:167)
	at org.apache.cxf.jaxrs.interceptor.JAXRSInInterceptor.handleMessage(JAXRSInInterceptor.java:97)
	at org.apache.cxf.phase.PhaseInterceptorChain.doIntercept(PhaseInterceptorChain.java:271)
	at org.apache.cxf.transport.ChainInitiationObserver.onMessage(ChainInitiationObserver.java:121)
	at org.apache.cxf.transport.http.AbstractHTTPDestination.invoke(AbstractHTTPDestination.java:239)
	at org.apache.cxf.transport.servlet.ServletController.invokeDestination(ServletController.java:218)
	at org.apache.cxf.transport.servlet.ServletController.invoke(ServletController.java:163)
	at org.apache.cxf.transport.servlet.ServletController.invoke(ServletController.java:137)
	at org.apache.cxf.transport.servlet.CXFNonSpringServlet.invoke(CXFNonSpringServlet.java:158)
	at org.apache.cxf.transport.servlet.AbstractHTTPServlet.handleRequest(AbstractHTTPServlet.java:243)
	at org.apache.cxf.transport.servlet.AbstractHTTPServlet.doGet(AbstractHTTPServlet.java:168)
	at javax.servlet.http.HttpServlet.service(HttpServlet.java:620)
	at org.apache.cxf.transport.servlet.AbstractHTTPServlet.service(AbstractHTTPServlet.java:219)
	at org.apache.catalina.core.ApplicationFilterChain.internalDoFilter(ApplicationFilterChain.java:303)
	at org.apache.catalina.core.ApplicationFilterChain.doFilter(ApplicationFilterChain.java:208)
	at org.apache.tomcat.websocket.server.WsFilter.doFilter(WsFilter.java:52)
	at org.apache.catalina.core.ApplicationFilterChain.internalDoFilter(ApplicationFilterChain.java:241)
	at org.apache.catalina.core.ApplicationFilterChain.doFilter(ApplicationFilterChain.java:208)
	at org.apache.catalina.core.StandardWrapperValve.invoke(StandardWrapperValve.java:220)
	at org.apache.catalina.core.StandardContextValve.invoke(StandardContextValve.java:122)
	at org.apache.catalina.authenticator.AuthenticatorBase.invoke(AuthenticatorBase.java:501)
	at org.apache.catalina.core.StandardHostValve.invoke(StandardHostValve.java:170)
	at org.apache.catalina.valves.ErrorReportValve.invoke(ErrorReportValve.java:98)
	at org.apache.catalina.valves.AccessLogValve.invoke(AccessLogValve.java:950)
	at org.apache.catalina.core.StandardEngineValve.invoke(StandardEngineValve.java:116)
	at org.apache.catalina.connector.CoyoteAdapter.service(CoyoteAdapter.java:408)
	at org.apache.coyote.http11.AbstractHttp11Processor.process(AbstractHttp11Processor.java:1040)
	at org.apache.coyote.AbstractProtocol$AbstractConnectionHandler.process(AbstractProtocol.java:607)
	at org.apache.tomcat.util.net.JIoEndpoint$SocketProcessor.run(JIoEndpoint.java:315)
	at java.util.concurrent.ThreadPoolExecutor.runWorker(ThreadPoolExecutor.java:1145)
	at java.util.concurrent.ThreadPoolExecutor$Worker.run(ThreadPoolExecutor.java:615)
	at java.lang.Thread.run(Thread.java:744)

Apr 21, 2014 11:52:18 AM com.cablelabs.wasapi.exceptions.ScExceptionMapper ExceptionMessage
INFO: Passed Media Type: [application/json]
Apr 21, 2014 11:52:18 AM com.cablelabs.wasapi.exceptions.ScExceptionMapper ExceptionMessage
INFO: Using Media Type: application/json
Apr 21, 2014 11:52:26 AM org.apache.cxf.jaxrs.interceptor.JAXRSInInterceptor processRequest
WARNING: No root resource matching request path /cable-api/feature/1 has been found, Relative Path: /feature/1. Please enable FINE/TRACE log level for more details.
Apr 21, 2014 11:52:26 AM com.cablelabs.wasapi.exceptions.ScExceptionMapper toResponse
SEVERE: Uncaught exception
javax.ws.rs.NotFoundException
	at org.apache.cxf.jaxrs.interceptor.JAXRSInInterceptor.processRequest(JAXRSInInterceptor.java:167)
	at org.apache.cxf.jaxrs.interceptor.JAXRSInInterceptor.handleMessage(JAXRSInInterceptor.java:97)
	at org.apache.cxf.phase.PhaseInterceptorChain.doIntercept(PhaseInterceptorChain.java:271)
	at org.apache.cxf.transport.ChainInitiationObserver.onMessage(ChainInitiationObserver.java:121)
	at org.apache.cxf.transport.http.AbstractHTTPDestination.invoke(AbstractHTTPDestination.java:239)
	at org.apache.cxf.transport.servlet.ServletController.invokeDestination(ServletController.java:218)
	at org.apache.cxf.transport.servlet.ServletController.invoke(ServletController.java:163)
	at org.apache.cxf.transport.servlet.ServletController.invoke(ServletController.java:137)
	at org.apache.cxf.transport.servlet.CXFNonSpringServlet.invoke(CXFNonSpringServlet.java:158)
	at org.apache.cxf.transport.servlet.AbstractHTTPServlet.handleRequest(AbstractHTTPServlet.java:243)
	at org.apache.cxf.transport.servlet.AbstractHTTPServlet.doGet(AbstractHTTPServlet.java:168)
	at javax.servlet.http.HttpServlet.service(HttpServlet.java:620)
	at org.apache.cxf.transport.servlet.AbstractHTTPServlet.service(AbstractHTTPServlet.java:219)
	at org.apache.catalina.core.ApplicationFilterChain.internalDoFilter(ApplicationFilterChain.java:303)
	at org.apache.catalina.core.ApplicationFilterChain.doFilter(ApplicationFilterChain.java:208)
	at org.apache.tomcat.websocket.server.WsFilter.doFilter(WsFilter.java:52)
	at org.apache.catalina.core.ApplicationFilterChain.internalDoFilter(ApplicationFilterChain.java:241)
	at org.apache.catalina.core.ApplicationFilterChain.doFilter(ApplicationFilterChain.java:208)
	at org.apache.catalina.core.StandardWrapperValve.invoke(StandardWrapperValve.java:220)
	at org.apache.catalina.core.StandardContextValve.invoke(StandardContextValve.java:122)
	at org.apache.catalina.authenticator.AuthenticatorBase.invoke(AuthenticatorBase.java:501)
	at org.apache.catalina.core.StandardHostValve.invoke(StandardHostValve.java:170)
	at org.apache.catalina.valves.ErrorReportValve.invoke(ErrorReportValve.java:98)
	at org.apache.catalina.valves.AccessLogValve.invoke(AccessLogValve.java:950)
	at org.apache.catalina.core.StandardEngineValve.invoke(StandardEngineValve.java:116)
	at org.apache.catalina.connector.CoyoteAdapter.service(CoyoteAdapter.java:408)
	at org.apache.coyote.http11.AbstractHttp11Processor.process(AbstractHttp11Processor.java:1040)
	at org.apache.coyote.AbstractProtocol$AbstractConnectionHandler.process(AbstractProtocol.java:607)
	at org.apache.tomcat.util.net.JIoEndpoint$SocketProcessor.run(JIoEndpoint.java:313)
	at java.util.concurrent.ThreadPoolExecutor.runWorker(ThreadPoolExecutor.java:1145)
	at java.util.concurrent.ThreadPoolExecutor$Worker.run(ThreadPoolExecutor.java:615)
	at java.lang.Thread.run(Thread.java:744)

Apr 21, 2014 11:52:26 AM com.cablelabs.wasapi.exceptions.ScExceptionMapper ExceptionMessage
INFO: Passed Media Type: [application/json]
Apr 21, 2014 11:52:26 AM com.cablelabs.wasapi.exceptions.ScExceptionMapper ExceptionMessage
INFO: Using Media Type: application/json
Apr 21, 2014 11:52:47 AM org.apache.catalina.startup.HostConfig undeploy
INFO: Undeploying context [/cable-api]
Apr 21, 2014 11:52:47 AM org.springframework.context.support.AbstractApplicationContext doClose
INFO: Closing Root WebApplicationContext: startup date [Mon Apr 21 11:51:55 EDT 2014]; root of context hierarchy
Apr 21, 2014 11:52:47 AM org.springframework.beans.factory.support.DefaultSingletonBeanRegistry destroySingletons
INFO: Destroying singletons in org.springframework.beans.factory.support.DefaultListableBeanFactory@1ef3215: defining beans [cxf,org.apache.cxf.bus.spring.BusWiringBeanFactoryPostProcessor,org.apache.cxf.bus.spring.Jsr250BeanPostProcessor,org.apache.cxf.bus.spring.BusExtensionPostProcessor,org.springframework.beans.factory.annotation.AutowiredAnnotationBeanPostProcessor#0,exceptionMapper,customerAccountService,preferenceService,telephoneNumberService,emailContactService,faxNumberService,postalContactService,systemContactService,customerService,userService,individualService,organizationService,paymentPlanService,contactService,customerBillSpecService,productService,productSpecificationService,prodPriceChargeService,fundsTransferService,paymentCardService,tokenizedPaymentCardService,tokenizedThirdPartyService,propertyAddressService,bundledProductOfferingService,customerfacingService,americanPropertyAddressService,serviceSiteService,customerBillService,documentService,messageResponse,restResponse,cors-filter,jsonNamespaceMap,jsonProvider,jaxbElementProvider,APIServer]; root of factory hierarchy
Apr 21, 2014 11:52:47 AM org.apache.catalina.loader.WebappClassLoader checkThreadLocalMapForLeaks
SEVERE: The web application [/cable-api] created a ThreadLocal with key of type [com.sun.xml.bind.v2.runtime.Coordinator$1] (value [com.sun.xml.bind.v2.runtime.Coordinator$1@3753377a]) and a value of type [java.lang.Object[]] (value [[Ljava.lang.Object;@385f46f6]) but failed to remove it when the web application was stopped. Threads are going to be renewed over time to try and avoid a probable memory leak.
Apr 21, 2014 11:52:47 AM org.apache.catalina.loader.WebappClassLoader checkThreadLocalMapForLeaks
SEVERE: The web application [/cable-api] created a ThreadLocal with key of type [com.sun.xml.bind.v2.runtime.Coordinator$1] (value [com.sun.xml.bind.v2.runtime.Coordinator$1@3753377a]) and a value of type [java.lang.Object[]] (value [[Ljava.lang.Object;@70e2c815]) but failed to remove it when the web application was stopped. Threads are going to be renewed over time to try and avoid a probable memory leak.
Apr 21, 2014 11:52:47 AM org.apache.catalina.loader.WebappClassLoader checkThreadLocalMapForLeaks
SEVERE: The web application [/cable-api] created a ThreadLocal with key of type [com.sun.xml.bind.v2.runtime.Coordinator$1] (value [com.sun.xml.bind.v2.runtime.Coordinator$1@3753377a]) and a value of type [java.lang.Object[]] (value [[Ljava.lang.Object;@38be1499]) but failed to remove it when the web application was stopped. Threads are going to be renewed over time to try and avoid a probable memory leak.
Apr 21, 2014 11:52:48 AM org.apache.catalina.startup.HostConfig deployWAR
INFO: Deploying web application archive /Users/skulasekar/development/apache-tomcat-7.0.53/webapps/cable-api.war
Apr 21, 2014 11:52:48 AM org.apache.catalina.loader.WebappClassLoader validateJarFile
INFO: validateJarFile(/Users/skulasekar/development/apache-tomcat-7.0.53/webapps/cable-api/WEB-INF/lib/geronimo-servlet_3.0_spec-1.0.jar) - jar not loaded. See Servlet Spec 3.0, section 10.7.2. Offending class: javax/servlet/Servlet.class
Apr 21, 2014 11:52:48 AM org.apache.catalina.loader.WebappClassLoader validateJarFile
INFO: validateJarFile(/Users/skulasekar/development/apache-tomcat-7.0.53/webapps/cable-api/WEB-INF/lib/servlet-api-6.0.37.jar) - jar not loaded. See Servlet Spec 3.0, section 10.7.2. Offending class: javax/servlet/Servlet.class
Apr 21, 2014 11:52:49 AM org.springframework.web.context.ContextLoader initWebApplicationContext
INFO: Root WebApplicationContext: initialization started
Apr 21, 2014 11:52:49 AM org.springframework.context.support.AbstractApplicationContext prepareRefresh
INFO: Refreshing Root WebApplicationContext: startup date [Mon Apr 21 11:52:49 EDT 2014]; root of context hierarchy
Apr 21, 2014 11:52:49 AM org.springframework.beans.factory.xml.XmlBeanDefinitionReader loadBeanDefinitions
INFO: Loading XML bean definitions from ServletContext resource [/WEB-INF/beans.xml]
Apr 21, 2014 11:52:50 AM org.springframework.beans.factory.xml.XmlBeanDefinitionReader loadBeanDefinitions
INFO: Loading XML bean definitions from class path resource [META-INF/cxf/cxf.xml]
Apr 21, 2014 11:52:50 AM org.springframework.beans.factory.xml.XmlBeanDefinitionReader loadBeanDefinitions
INFO: Loading XML bean definitions from class path resource [META-INF/cxf/cxf-servlet.xml]
Apr 21, 2014 11:52:50 AM org.springframework.beans.factory.support.DefaultListableBeanFactory preInstantiateSingletons
INFO: Pre-instantiating singletons in org.springframework.beans.factory.support.DefaultListableBeanFactory@620a7b09: defining beans [cxf,org.apache.cxf.bus.spring.BusWiringBeanFactoryPostProcessor,org.apache.cxf.bus.spring.Jsr250BeanPostProcessor,org.apache.cxf.bus.spring.BusExtensionPostProcessor,org.springframework.beans.factory.annotation.AutowiredAnnotationBeanPostProcessor#0,exceptionMapper,customerAccountService,preferenceService,telephoneNumberService,emailContactService,faxNumberService,postalContactService,systemContactService,customerService,userService,individualService,organizationService,paymentPlanService,contactService,customerBillSpecService,productService,productSpecificationService,prodPriceChargeService,fundsTransferService,paymentCardService,tokenizedPaymentCardService,tokenizedThirdPartyService,propertyAddressService,bundledProductOfferingService,customerfacingService,americanPropertyAddressService,serviceSiteService,geographicAddressService,productOfferingService,customerBillService,documentService,propertyService,featureService,deviceService,messageResponse,restResponse,cors-filter,jsonNamespaceMap,customJsonProvider,jaxbElementProvider,APIServer]; root of factory hierarchy
Apr 21, 2014 11:52:50 AM org.apache.cxf.common.injection.ResourceInjector visitField
INFO: failed to resolve resource com.cablelabs.cableapi.facades.CustomerAccountImpl/jaxwsContext
Apr 21, 2014 11:52:50 AM org.apache.cxf.common.injection.ResourceInjector visitField
INFO: failed to resolve resource com.cablelabs.cableapi.facades.PreferenceImpl/jaxwsContext
Apr 21, 2014 11:52:50 AM org.apache.cxf.common.injection.ResourceInjector visitField
INFO: failed to resolve resource com.cablelabs.cableapi.facades.TelephoneNumberImpl/jaxwsContext
Apr 21, 2014 11:52:50 AM org.apache.cxf.common.injection.ResourceInjector visitField
INFO: failed to resolve resource com.cablelabs.cableapi.facades.EmailContactImpl/jaxwsContext
Apr 21, 2014 11:52:50 AM org.apache.cxf.common.injection.ResourceInjector visitField
INFO: failed to resolve resource com.cablelabs.cableapi.facades.FaxNumberImpl/jaxwsContext
Apr 21, 2014 11:52:50 AM org.apache.cxf.common.injection.ResourceInjector visitField
INFO: failed to resolve resource com.cablelabs.cableapi.facades.PostalContactImpl/jaxwsContext
Apr 21, 2014 11:52:50 AM org.apache.cxf.common.injection.ResourceInjector visitField
INFO: failed to resolve resource com.cablelabs.cableapi.facades.SystemContactImpl/jaxwsContext
Apr 21, 2014 11:52:50 AM org.apache.cxf.common.injection.ResourceInjector visitField
INFO: failed to resolve resource com.cablelabs.cableapi.facades.CustomerImpl/jaxwsContext
Apr 21, 2014 11:52:50 AM org.apache.cxf.common.injection.ResourceInjector visitField
INFO: failed to resolve resource com.cablelabs.cableapi.facades.UserImpl/jaxwsContext
Apr 21, 2014 11:52:50 AM org.apache.cxf.common.injection.ResourceInjector visitField
INFO: failed to resolve resource com.cablelabs.cableapi.facades.IndividualImpl/jaxwsContext
Apr 21, 2014 11:52:50 AM org.apache.cxf.common.injection.ResourceInjector visitField
INFO: failed to resolve resource com.cablelabs.cableapi.facades.OrganizationImpl/jaxwsContext
Apr 21, 2014 11:52:50 AM org.apache.cxf.common.injection.ResourceInjector visitField
INFO: failed to resolve resource com.cablelabs.cableapi.facades.PaymentPlanImpl/jaxwsContext
Apr 21, 2014 11:52:50 AM org.apache.cxf.common.injection.ResourceInjector visitField
INFO: failed to resolve resource com.cablelabs.cableapi.facades.ContactImpl/jaxwsContext
Apr 21, 2014 11:52:50 AM org.apache.cxf.common.injection.ResourceInjector visitField
INFO: failed to resolve resource com.cablelabs.cableapi.facades.CustomerBillSpecImpl/jaxwsContext
Apr 21, 2014 11:52:50 AM org.apache.cxf.common.injection.ResourceInjector visitField
INFO: failed to resolve resource com.cablelabs.cableapi.facades.ProductImpl/jaxwsContext
Apr 21, 2014 11:52:50 AM org.apache.cxf.common.injection.ResourceInjector visitField
INFO: failed to resolve resource com.cablelabs.cableapi.facades.ProductSpecificationImpl/jaxwsContext
Apr 21, 2014 11:52:50 AM org.apache.cxf.common.injection.ResourceInjector visitField
INFO: failed to resolve resource com.cablelabs.cableapi.facades.ProdPriceChargeImpl/jaxwsContext
Apr 21, 2014 11:52:50 AM org.apache.cxf.common.injection.ResourceInjector visitField
INFO: failed to resolve resource com.cablelabs.cableapi.facades.FundsTransferImpl/jaxwsContext
Apr 21, 2014 11:52:50 AM org.apache.cxf.common.injection.ResourceInjector visitField
INFO: failed to resolve resource com.cablelabs.cableapi.facades.PaymentCardImpl/jaxwsContext
Apr 21, 2014 11:52:50 AM org.apache.cxf.common.injection.ResourceInjector visitField
INFO: failed to resolve resource com.cablelabs.cableapi.facades.TokenizedPaymentCardImpl/jaxwsContext
Apr 21, 2014 11:52:50 AM org.apache.cxf.common.injection.ResourceInjector visitField
INFO: failed to resolve resource com.cablelabs.cableapi.facades.TokenizedThirdPartyImpl/jaxwsContext
Apr 21, 2014 11:52:50 AM org.apache.cxf.common.injection.ResourceInjector visitField
INFO: failed to resolve resource com.cablelabs.cableapi.facades.PropertyAddressImpl/jaxwsContext
Apr 21, 2014 11:52:50 AM org.apache.cxf.common.injection.ResourceInjector visitField
INFO: failed to resolve resource com.cablelabs.cableapi.facades.BundledProductOfferingImpl/jaxwsContext
Apr 21, 2014 11:52:50 AM org.apache.cxf.common.injection.ResourceInjector visitField
INFO: failed to resolve resource com.cablelabs.cableapi.facades.CustomerFacingImpl/jaxwsContext
Apr 21, 2014 11:52:50 AM org.apache.cxf.common.injection.ResourceInjector visitField
INFO: failed to resolve resource com.cablelabs.cableapi.facades.AmericanPropertyAddressImpl/jaxwsContext
Apr 21, 2014 11:52:50 AM org.apache.cxf.common.injection.ResourceInjector visitField
INFO: failed to resolve resource com.cablelabs.cableapi.facades.ServiceSiteImpl/jaxwsContext
Apr 21, 2014 11:52:50 AM org.apache.cxf.common.injection.ResourceInjector visitField
INFO: failed to resolve resource com.cablelabs.cableapi.facades.GeographicAddressImpl/jaxwsContext
Apr 21, 2014 11:52:50 AM org.apache.cxf.common.injection.ResourceInjector visitField
INFO: failed to resolve resource com.cablelabs.cableapi.facades.ProductOfferingImpl/jaxwsContext
Apr 21, 2014 11:52:50 AM org.apache.cxf.common.injection.ResourceInjector visitField
INFO: failed to resolve resource com.cablelabs.cableapi.facades.CustomerBillFacadeImpl/jaxwsContext
Apr 21, 2014 11:52:50 AM org.apache.cxf.common.injection.ResourceInjector visitField
INFO: failed to resolve resource com.cablelabs.cableapi.facades.DocumentFacadeImpl/jaxwsContext
Apr 21, 2014 11:52:50 AM org.apache.cxf.common.injection.ResourceInjector visitField
INFO: failed to resolve resource com.cablelabs.cableapi.facades.PropertyFacadeImpl/jaxwsContext
Apr 21, 2014 11:52:50 AM org.apache.cxf.common.injection.ResourceInjector visitField
INFO: failed to resolve resource com.cablelabs.cableapi.facades.FeatureFacadeImpl/jaxwsContext
Apr 21, 2014 11:52:50 AM org.apache.cxf.common.injection.ResourceInjector visitField
INFO: failed to resolve resource com.cablelabs.cableapi.facades.DeviceFacadeImpl/jaxwsContext
Apr 21, 2014 11:52:50 AM org.apache.cxf.endpoint.ServerImpl initDestination
INFO: Setting the server's publish address to be /
Apr 21, 2014 11:52:50 AM org.springframework.web.context.ContextLoader initWebApplicationContext
INFO: Root WebApplicationContext: initialization completed in 928 ms
Apr 21, 2014 1:23:41 PM com.cablelabs.wasapi.exceptions.ScExceptionMapper toResponse
SEVERE: Uncaught exception
com.fasterxml.jackson.databind.JsonMappingException: No content to map due to end-of-input
 at [Source: org.apache.cxf.transport.http.AbstractHTTPDestination$1@7803410d; line: 1, column: 1]
	at com.fasterxml.jackson.databind.JsonMappingException.from(JsonMappingException.java:163)
	at com.fasterxml.jackson.databind.ObjectReader._initForReading(ObjectReader.java:1002)
	at com.fasterxml.jackson.databind.ObjectReader._bind(ObjectReader.java:883)
	at com.fasterxml.jackson.databind.ObjectReader.readValue(ObjectReader.java:471)
	at com.fasterxml.jackson.jaxrs.json.JacksonJsonProvider.readFrom(JacksonJsonProvider.java:443)
	at org.apache.cxf.jaxrs.utils.JAXRSUtils.readFromMessageBodyReader(JAXRSUtils.java:1189)
	at org.apache.cxf.jaxrs.utils.JAXRSUtils.readFromMessageBody(JAXRSUtils.java:1137)
	at org.apache.cxf.jaxrs.utils.JAXRSUtils.processParameter(JAXRSUtils.java:686)
	at org.apache.cxf.jaxrs.utils.JAXRSUtils.processParameters(JAXRSUtils.java:646)
	at org.apache.cxf.jaxrs.interceptor.JAXRSInInterceptor.processRequest(JAXRSInInterceptor.java:227)
	at org.apache.cxf.jaxrs.interceptor.JAXRSInInterceptor.handleMessage(JAXRSInInterceptor.java:97)
	at org.apache.cxf.phase.PhaseInterceptorChain.doIntercept(PhaseInterceptorChain.java:271)
	at org.apache.cxf.transport.ChainInitiationObserver.onMessage(ChainInitiationObserver.java:121)
	at org.apache.cxf.transport.http.AbstractHTTPDestination.invoke(AbstractHTTPDestination.java:239)
	at org.apache.cxf.transport.servlet.ServletController.invokeDestination(ServletController.java:218)
	at org.apache.cxf.transport.servlet.ServletController.invoke(ServletController.java:163)
	at org.apache.cxf.transport.servlet.ServletController.invoke(ServletController.java:137)
	at org.apache.cxf.transport.servlet.CXFNonSpringServlet.invoke(CXFNonSpringServlet.java:158)
	at org.apache.cxf.transport.servlet.AbstractHTTPServlet.handleRequest(AbstractHTTPServlet.java:243)
	at org.apache.cxf.transport.servlet.AbstractHTTPServlet.doGet(AbstractHTTPServlet.java:168)
	at javax.servlet.http.HttpServlet.service(HttpServlet.java:620)
	at org.apache.cxf.transport.servlet.AbstractHTTPServlet.service(AbstractHTTPServlet.java:219)
	at org.apache.catalina.core.ApplicationFilterChain.internalDoFilter(ApplicationFilterChain.java:303)
	at org.apache.catalina.core.ApplicationFilterChain.doFilter(ApplicationFilterChain.java:208)
	at org.apache.tomcat.websocket.server.WsFilter.doFilter(WsFilter.java:52)
	at org.apache.catalina.core.ApplicationFilterChain.internalDoFilter(ApplicationFilterChain.java:241)
	at org.apache.catalina.core.ApplicationFilterChain.doFilter(ApplicationFilterChain.java:208)
	at org.apache.catalina.core.StandardWrapperValve.invoke(StandardWrapperValve.java:220)
	at org.apache.catalina.core.StandardContextValve.invoke(StandardContextValve.java:122)
	at org.apache.catalina.authenticator.AuthenticatorBase.invoke(AuthenticatorBase.java:501)
	at org.apache.catalina.core.StandardHostValve.invoke(StandardHostValve.java:170)
	at org.apache.catalina.valves.ErrorReportValve.invoke(ErrorReportValve.java:98)
	at org.apache.catalina.valves.AccessLogValve.invoke(AccessLogValve.java:950)
	at org.apache.catalina.core.StandardEngineValve.invoke(StandardEngineValve.java:116)
	at org.apache.catalina.connector.CoyoteAdapter.service(CoyoteAdapter.java:408)
	at org.apache.coyote.http11.AbstractHttp11Processor.process(AbstractHttp11Processor.java:1040)
	at org.apache.coyote.AbstractProtocol$AbstractConnectionHandler.process(AbstractProtocol.java:607)
	at org.apache.tomcat.util.net.JIoEndpoint$SocketProcessor.run(JIoEndpoint.java:313)
	at java.util.concurrent.ThreadPoolExecutor.runWorker(ThreadPoolExecutor.java:1145)
	at java.util.concurrent.ThreadPoolExecutor$Worker.run(ThreadPoolExecutor.java:615)
	at java.lang.Thread.run(Thread.java:744)

Apr 21, 2014 1:23:42 PM com.cablelabs.wasapi.exceptions.ScExceptionMapper ExceptionMessage
INFO: Passed Media Type: [application/json]
Apr 21, 2014 1:23:42 PM com.cablelabs.wasapi.exceptions.ScExceptionMapper ExceptionMessage
INFO: Using Media Type: application/json
Apr 21, 2014 1:23:42 PM com.cablelabs.wasapi.exceptions.ScExceptionMapper toResponse
SEVERE: Uncaught exception
com.fasterxml.jackson.databind.JsonMappingException: No content to map due to end-of-input
 at [Source: org.apache.cxf.transport.http.AbstractHTTPDestination$1@5df1779e; line: 1, column: 1]
	at com.fasterxml.jackson.databind.JsonMappingException.from(JsonMappingException.java:163)
	at com.fasterxml.jackson.databind.ObjectReader._initForReading(ObjectReader.java:1002)
	at com.fasterxml.jackson.databind.ObjectReader._bind(ObjectReader.java:883)
	at com.fasterxml.jackson.databind.ObjectReader.readValue(ObjectReader.java:471)
	at com.fasterxml.jackson.jaxrs.json.JacksonJsonProvider.readFrom(JacksonJsonProvider.java:443)
	at org.apache.cxf.jaxrs.utils.JAXRSUtils.readFromMessageBodyReader(JAXRSUtils.java:1189)
	at org.apache.cxf.jaxrs.utils.JAXRSUtils.readFromMessageBody(JAXRSUtils.java:1137)
	at org.apache.cxf.jaxrs.utils.JAXRSUtils.processParameter(JAXRSUtils.java:686)
	at org.apache.cxf.jaxrs.utils.JAXRSUtils.processParameters(JAXRSUtils.java:646)
	at org.apache.cxf.jaxrs.interceptor.JAXRSInInterceptor.processRequest(JAXRSInInterceptor.java:227)
	at org.apache.cxf.jaxrs.interceptor.JAXRSInInterceptor.handleMessage(JAXRSInInterceptor.java:97)
	at org.apache.cxf.phase.PhaseInterceptorChain.doIntercept(PhaseInterceptorChain.java:271)
	at org.apache.cxf.transport.ChainInitiationObserver.onMessage(ChainInitiationObserver.java:121)
	at org.apache.cxf.transport.http.AbstractHTTPDestination.invoke(AbstractHTTPDestination.java:239)
	at org.apache.cxf.transport.servlet.ServletController.invokeDestination(ServletController.java:218)
	at org.apache.cxf.transport.servlet.ServletController.invoke(ServletController.java:163)
	at org.apache.cxf.transport.servlet.ServletController.invoke(ServletController.java:137)
	at org.apache.cxf.transport.servlet.CXFNonSpringServlet.invoke(CXFNonSpringServlet.java:158)
	at org.apache.cxf.transport.servlet.AbstractHTTPServlet.handleRequest(AbstractHTTPServlet.java:243)
	at org.apache.cxf.transport.servlet.AbstractHTTPServlet.doGet(AbstractHTTPServlet.java:168)
	at javax.servlet.http.HttpServlet.service(HttpServlet.java:620)
	at org.apache.cxf.transport.servlet.AbstractHTTPServlet.service(AbstractHTTPServlet.java:219)
	at org.apache.catalina.core.ApplicationFilterChain.internalDoFilter(ApplicationFilterChain.java:303)
	at org.apache.catalina.core.ApplicationFilterChain.doFilter(ApplicationFilterChain.java:208)
	at org.apache.tomcat.websocket.server.WsFilter.doFilter(WsFilter.java:52)
	at org.apache.catalina.core.ApplicationFilterChain.internalDoFilter(ApplicationFilterChain.java:241)
	at org.apache.catalina.core.ApplicationFilterChain.doFilter(ApplicationFilterChain.java:208)
	at org.apache.catalina.core.StandardWrapperValve.invoke(StandardWrapperValve.java:220)
	at org.apache.catalina.core.StandardContextValve.invoke(StandardContextValve.java:122)
	at org.apache.catalina.authenticator.AuthenticatorBase.invoke(AuthenticatorBase.java:501)
	at org.apache.catalina.core.StandardHostValve.invoke(StandardHostValve.java:170)
	at org.apache.catalina.valves.ErrorReportValve.invoke(ErrorReportValve.java:98)
	at org.apache.catalina.valves.AccessLogValve.invoke(AccessLogValve.java:950)
	at org.apache.catalina.core.StandardEngineValve.invoke(StandardEngineValve.java:116)
	at org.apache.catalina.connector.CoyoteAdapter.service(CoyoteAdapter.java:408)
	at org.apache.coyote.http11.AbstractHttp11Processor.process(AbstractHttp11Processor.java:1040)
	at org.apache.coyote.AbstractProtocol$AbstractConnectionHandler.process(AbstractProtocol.java:607)
	at org.apache.tomcat.util.net.JIoEndpoint$SocketProcessor.run(JIoEndpoint.java:313)
	at java.util.concurrent.ThreadPoolExecutor.runWorker(ThreadPoolExecutor.java:1145)
	at java.util.concurrent.ThreadPoolExecutor$Worker.run(ThreadPoolExecutor.java:615)
	at java.lang.Thread.run(Thread.java:744)

Apr 21, 2014 1:23:42 PM com.cablelabs.wasapi.exceptions.ScExceptionMapper ExceptionMessage
INFO: Passed Media Type: [application/xml]
Apr 21, 2014 1:23:42 PM com.cablelabs.wasapi.exceptions.ScExceptionMapper ExceptionMessage
INFO: Using Media Type: application/xml
Apr 21, 2014 1:35:41 PM org.apache.catalina.core.StandardServer await
INFO: A valid shutdown command was received via the shutdown port. Stopping the Server instance.
Apr 21, 2014 1:35:41 PM org.apache.coyote.AbstractProtocol pause
INFO: Pausing ProtocolHandler ["http-bio-8080"]
Apr 21, 2014 1:35:41 PM org.apache.coyote.AbstractProtocol pause
INFO: Pausing ProtocolHandler ["ajp-bio-8009"]
Apr 21, 2014 1:35:41 PM org.apache.catalina.core.StandardService stopInternal
INFO: Stopping service Catalina
Apr 21, 2014 1:35:41 PM org.springframework.context.support.AbstractApplicationContext doClose
INFO: Closing Root WebApplicationContext: startup date [Mon Apr 21 11:52:49 EDT 2014]; root of context hierarchy
Apr 21, 2014 1:35:41 PM org.springframework.beans.factory.support.DefaultSingletonBeanRegistry destroySingletons
INFO: Destroying singletons in org.springframework.beans.factory.support.DefaultListableBeanFactory@620a7b09: defining beans [cxf,org.apache.cxf.bus.spring.BusWiringBeanFactoryPostProcessor,org.apache.cxf.bus.spring.Jsr250BeanPostProcessor,org.apache.cxf.bus.spring.BusExtensionPostProcessor,org.springframework.beans.factory.annotation.AutowiredAnnotationBeanPostProcessor#0,exceptionMapper,customerAccountService,preferenceService,telephoneNumberService,emailContactService,faxNumberService,postalContactService,systemContactService,customerService,userService,individualService,organizationService,paymentPlanService,contactService,customerBillSpecService,productService,productSpecificationService,prodPriceChargeService,fundsTransferService,paymentCardService,tokenizedPaymentCardService,tokenizedThirdPartyService,propertyAddressService,bundledProductOfferingService,customerfacingService,americanPropertyAddressService,serviceSiteService,geographicAddressService,productOfferingService,customerBillService,documentService,propertyService,featureService,deviceService,messageResponse,restResponse,cors-filter,jsonNamespaceMap,customJsonProvider,jaxbElementProvider,APIServer]; root of factory hierarchy
Apr 21, 2014 1:35:41 PM org.apache.catalina.loader.WebappClassLoader checkThreadLocalMapForLeaks
SEVERE: The web application [/cable-api] created a ThreadLocal with key of type [com.sun.xml.bind.v2.runtime.Coordinator$1] (value [com.sun.xml.bind.v2.runtime.Coordinator$1@38e82444]) and a value of type [java.lang.Object[]] (value [[Ljava.lang.Object;@10a5098c]) but failed to remove it when the web application was stopped. Threads are going to be renewed over time to try and avoid a probable memory leak.
Apr 21, 2014 1:35:41 PM org.apache.catalina.loader.WebappClassLoader checkThreadLocalMapForLeaks
SEVERE: The web application [/cable-api] created a ThreadLocal with key of type [com.sun.xml.bind.v2.runtime.Coordinator$1] (value [com.sun.xml.bind.v2.runtime.Coordinator$1@38e82444]) and a value of type [java.lang.Object[]] (value [[Ljava.lang.Object;@4315cedd]) but failed to remove it when the web application was stopped. Threads are going to be renewed over time to try and avoid a probable memory leak.
Apr 21, 2014 1:35:41 PM org.apache.catalina.loader.WebappClassLoader checkThreadLocalMapForLeaks
SEVERE: The web application [/cable-api] created a ThreadLocal with key of type [com.sun.xml.bind.v2.runtime.Coordinator$1] (value [com.sun.xml.bind.v2.runtime.Coordinator$1@38e82444]) and a value of type [java.lang.Object[]] (value [[Ljava.lang.Object;@4cc03193]) but failed to remove it when the web application was stopped. Threads are going to be renewed over time to try and avoid a probable memory leak.
Apr 21, 2014 1:35:41 PM org.apache.catalina.loader.WebappClassLoader checkThreadLocalMapForLeaks
SEVERE: The web application [/cable-api] created a ThreadLocal with key of type [com.sun.xml.bind.v2.runtime.Coordinator$1] (value [com.sun.xml.bind.v2.runtime.Coordinator$1@38e82444]) and a value of type [java.lang.Object[]] (value [[Ljava.lang.Object;@5df6d142]) but failed to remove it when the web application was stopped. Threads are going to be renewed over time to try and avoid a probable memory leak.
Apr 21, 2014 1:35:41 PM org.apache.catalina.loader.WebappClassLoader checkThreadLocalMapForLeaks
SEVERE: The web application [/cable-api] created a ThreadLocal with key of type [com.sun.xml.bind.v2.runtime.Coordinator$1] (value [com.sun.xml.bind.v2.runtime.Coordinator$1@38e82444]) and a value of type [java.lang.Object[]] (value [[Ljava.lang.Object;@7724743f]) but failed to remove it when the web application was stopped. Threads are going to be renewed over time to try and avoid a probable memory leak.
Apr 21, 2014 1:35:41 PM org.apache.coyote.AbstractProtocol stop
INFO: Stopping ProtocolHandler ["http-bio-8080"]
Apr 21, 2014 1:35:41 PM org.apache.coyote.AbstractProtocol stop
INFO: Stopping ProtocolHandler ["ajp-bio-8009"]
Apr 21, 2014 1:35:41 PM org.apache.coyote.AbstractProtocol destroy
INFO: Destroying ProtocolHandler ["http-bio-8080"]
Apr 21, 2014 1:35:41 PM org.apache.coyote.AbstractProtocol destroy
INFO: Destroying ProtocolHandler ["ajp-bio-8009"]
