May 05, 2014 3:10:47 PM org.apache.catalina.core.ApplicationContext log
INFO: Initializing Spring root WebApplicationContext
May 05, 2014 3:10:49 PM org.apache.catalina.core.ApplicationContext log
INFO: ContextListener: contextInitialized()
May 05, 2014 3:10:49 PM org.apache.catalina.core.ApplicationContext log
INFO: SessionListener: contextInitialized()
May 05, 2014 3:10:49 PM org.apache.catalina.core.ApplicationContext log
INFO: ContextListener: attributeAdded('org.apache.jasper.compiler.TldLocationsCache', 'org.apache.jasper.compiler.TldLocationsCache@7d1b0ea4')
May 05, 2014 3:10:50 PM org.apache.catalina.core.ApplicationContext log
INFO: Initializing Spring root WebApplicationContext
May 05, 2014 3:12:02 PM org.apache.catalina.core.ApplicationContext log
INFO: Closing Spring root WebApplicationContext
May 05, 2014 3:12:02 PM org.apache.catalina.core.StandardContext listenerStop
SEVERE: Exception sending context destroyed event to listener instance of class org.springframework.web.context.ContextLoaderListener
java.lang.NoClassDefFoundError: org/springframework/web/context/ContextCleanupListener
	at org.springframework.web.context.ContextLoaderListener.contextDestroyed(ContextLoaderListener.java:80)
	at org.apache.catalina.core.StandardContext.listenerStop(StandardContext.java:5014)
	at org.apache.catalina.core.StandardContext.stopInternal(StandardContext.java:5659)
	at org.apache.catalina.util.LifecycleBase.stop(LifecycleBase.java:232)
	at org.apache.catalina.core.ContainerBase.removeChild(ContainerBase.java:1028)
	at org.apache.catalina.startup.HostConfig.undeploy(HostConfig.java:1478)
	at org.apache.catalina.startup.HostConfig.checkResources(HostConfig.java:1406)
	at org.apache.catalina.startup.HostConfig.check(HostConfig.java:1626)
	at org.apache.catalina.startup.HostConfig.lifecycleEvent(HostConfig.java:328)
	at org.apache.catalina.util.LifecycleSupport.fireLifecycleEvent(LifecycleSupport.java:117)
	at org.apache.catalina.util.LifecycleBase.fireLifecycleEvent(LifecycleBase.java:90)
	at org.apache.catalina.core.ContainerBase.backgroundProcess(ContainerBase.java:1374)
	at org.apache.catalina.core.ContainerBase$ContainerBackgroundProcessor.processChildren(ContainerBase.java:1530)
	at org.apache.catalina.core.ContainerBase$ContainerBackgroundProcessor.processChildren(ContainerBase.java:1540)
	at org.apache.catalina.core.ContainerBase$ContainerBackgroundProcessor.run(ContainerBase.java:1519)
	at java.lang.Thread.run(Thread.java:744)
Caused by: java.lang.ClassNotFoundException: org.springframework.web.context.ContextCleanupListener
	at org.apache.catalina.loader.WebappClassLoader.loadClass(WebappClassLoader.java:1720)
	at org.apache.catalina.loader.WebappClassLoader.loadClass(WebappClassLoader.java:1571)
	... 16 more

May 05, 2014 3:12:05 PM org.apache.catalina.core.ApplicationContext log
INFO: Initializing Spring root WebApplicationContext
May 05, 2014 3:23:43 PM org.apache.catalina.core.ApplicationContext log
INFO: Closing Spring root WebApplicationContext
May 05, 2014 3:23:44 PM org.apache.catalina.core.ApplicationContext log
INFO: Closing Spring root WebApplicationContext
May 05, 2014 3:23:44 PM org.apache.catalina.core.ApplicationContext log
INFO: SessionListener: contextDestroyed()
May 05, 2014 3:23:44 PM org.apache.catalina.core.ApplicationContext log
INFO: ContextListener: contextDestroyed()
